<?xml version="1.0" encoding="UTF-8"?>
<!-- Generated by org.testng.reporters.JUnitReportReporter -->
<testsuite hostname="DESKTOP-P8IMDGN" failures="0" tests="2" name="hero.Selenium_159_2" time="0.018" errors="0" timestamp="2020-04-24T15:18:03 BST" skipped="0">
  <testcase classname="hero.Selenium_159_2" name="Selenium_159_2_Test_1" time="0.017"/>
  <system-out/>
  <testcase classname="hero.Selenium_159_2" name="Selenium_159_2_Test_2" time="0.001"/>
  <system-out/>
</testsuite> <!-- hero.Selenium_159_2 -->
