<?xml version="1.0" encoding="UTF-8"?>
<!-- Generated by org.testng.reporters.JUnitReportReporter -->
<testsuite hostname="DESKTOP-P8IMDGN" failures="0" tests="2" name="hero.Appium_159" time="0.014" errors="0" timestamp="2020-04-24T15:18:30 BST" skipped="0">
  <testcase classname="hero.Appium_159" name="Appium_159_Test_1" time="0.012"/>
  <system-out/>
  <testcase classname="hero.Appium_159" name="Appium_159_Test_2" time="0.002"/>
  <system-out/>
</testsuite> <!-- hero.Appium_159 -->
