<?xml version="1.0" encoding="UTF-8"?>
<!-- Generated by org.testng.reporters.JUnitReportReporter -->
<testsuite hostname="DESKTOP-P8IMDGN" failures="0" tests="2" name="hero.Selenium_159_Test" time="0.023" errors="0" timestamp="2020-05-15T13:29:16 BST" skipped="0">
  <testcase classname="hero.Selenium_159_Test" name="Selenium_159_Test_1" time="0.021"/>
  <system-out/>
  <testcase classname="hero.Selenium_159_Test" name="Selenium_159_Test_2" time="0.002"/>
  <system-out/>
</testsuite> <!-- hero.Selenium_159_Test -->
