<?xml version="1.0" encoding="UTF-8"?>
<!-- Generated by org.testng.reporters.JUnitReportReporter -->
<testsuite hostname="DESKTOP-P8IMDGN" failures="0" tests="2" name="hero.Appium_159_Test" time="0.000" errors="0" timestamp="2020-04-24T15:58:26 BST" skipped="0">
  <testcase classname="hero.Appium_159_Test" name="Appium_159_Test_2" time="0.000"/>
  <system-out/>
  <testcase classname="hero.Appium_159_Test" name="Appium_159_Test_1" time="0.000"/>
  <system-out/>
</testsuite> <!-- hero.Appium_159_Test -->
