<?xml version="1.0" encoding="UTF-8"?>
<!-- Generated by org.testng.reporters.JUnitReportReporter -->
<testsuite hostname="DESKTOP-P8IMDGN" failures="0" tests="2" name="hero.RestAPI_159_Test" time="0.000" errors="0" timestamp="2020-04-24T15:58:15 BST" skipped="0">
  <testcase classname="hero.RestAPI_159_Test" name="TRestAPI_159_Test_2" time="0.000"/>
  <system-out/>
  <testcase classname="hero.RestAPI_159_Test" name="RestAPI_159_Test_1" time="0.000"/>
  <system-out/>
</testsuite> <!-- hero.RestAPI_159_Test -->
