<?xml version="1.0" encoding="UTF-8"?>
<!-- Generated by org.testng.reporters.JUnitReportReporter -->
<testsuite hostname="DESKTOP-P8IMDGN" failures="0" tests="1" name="hero.AppTest" time="0.010" errors="0" timestamp="2020-04-24T15:27:56 BST" skipped="0">
  <testcase classname="hero.AppTest" name="testApp" time="0.010"/>
  <system-out/>
</testsuite> <!-- hero.AppTest -->
